<?xml version="1.0" encoding="UTF-8"?>
<testsuite xmlns:xsi="http://www.w3.org/2001/XMLSchema-instance" xsi:noNamespaceSchemaLocation="https://maven.apache.org/surefire/maven-surefire-plugin/xsd/surefire-test-report.xsd" version="3.0.2" name="com.cms.service.AuthServiceTest" time="2.662" tests="5" errors="0" skipped="0" failures="0">
  <properties>
[...]
</properties>
  <testcase name="testAuthenticate_UserInactive" classname="com.cms.service.AuthServiceTest" time="1.451">
    <system-out><![CDATA[Mockito is currently self-attaching to enable the inline-mock-maker. This will no longer work in future releases of the JDK. Please add Mockito as an agent to your build what is described in Mockito's documentation: https://javadoc.io/doc/org.mockito/mockito-core/latest/org/mockito/Mockito.html#0.3
Mockito is currently self-attaching to enable the inline-mock-maker. This will no longer work in future releases of the JDK. Please add Mockito as an agent to your build what is described in Mockito's documentation: https://javadoc.io/doc/org.mockito/mockito-core/latest/org/mockito/Mockito.html#0.3
18:49:32.757 [main] WARN com.cms.service.AuthService -- Inactive user login attempt: inactiveUser
]]></system-out>
  </testcase>
  <testcase name="testAuthenticate_WrongPassword_LocksUser" classname="com.cms.service.AuthServiceTest" time="0.662">
    <system-out><![CDATA[18:49:33.448 [main] INFO com.cms.service.AuthService -- User testUser locked due to failed attempts
]]></system-out>
  </testcase>
  <testcase name="testAuthenticate_UserLocked" classname="com.cms.service.AuthServiceTest" time="0.028">
    <system-out><![CDATA[18:49:33.564 [main] WARN com.cms.service.AuthService -- Locked user login attempt: lockedUser
]]></system-out>
  </testcase>
  <testcase name="testAuthenticate_UserNotFound" classname="com.cms.service.AuthServiceTest" time="0.005"/>
  <testcase name="testAuthenticate_Success" classname="com.cms.service.AuthServiceTest" time="0.422"/>
</testsuite>